0 info it worked if it ends with ok
1 verbose cli [ '/usr/local/bin/node', '/usr/local/bin/npm', 'install' ]
2 info using npm@1.4.28
3 info using node@v0.10.32
4 verbose readDependencies using package.json deps
5 verbose install where, deps [ '/root/Local/PROJECTS/TEST',
5 verbose install   [ 'grunt',
5 verbose install     'grunt-angular-templates',
5 verbose install     'grunt-autoprefixer',
5 verbose install     'grunt-concurrent',
5 verbose install     'grunt-contrib-clean',
5 verbose install     'grunt-contrib-concat',
5 verbose install     'grunt-contrib-connect',
5 verbose install     'grunt-contrib-copy',
5 verbose install     'grunt-contrib-cssmin',
5 verbose install     'grunt-contrib-htmlmin',
5 verbose install     'grunt-contrib-imagemin',
5 verbose install     'grunt-contrib-jshint',
5 verbose install     'grunt-contrib-uglify',
5 verbose install     'grunt-contrib-watch',
5 verbose install     'grunt-filerev',
5 verbose install     'grunt-google-cdn',
5 verbose install     'grunt-newer',
5 verbose install     'grunt-ng-annotate',
5 verbose install     'grunt-svgmin',
5 verbose install     'grunt-usemin',
5 verbose install     'grunt-wiredep',
5 verbose install     'jit-grunt',
5 verbose install     'jshint-stylish',
5 verbose install     'time-grunt' ] ]
6 info preinstall test@
7 verbose readDependencies using package.json deps
8 verbose cache add [ 'grunt-autoprefixer@^2.0.0', null ]
9 verbose cache add name=undefined spec="grunt-autoprefixer@^2.0.0" args=["grunt-autoprefixer@^2.0.0",null]
10 verbose parsed url { protocol: null,
10 verbose parsed url   slashes: null,
10 verbose parsed url   auth: null,
10 verbose parsed url   host: null,
10 verbose parsed url   port: null,
10 verbose parsed url   hostname: null,
10 verbose parsed url   hash: null,
10 verbose parsed url   search: null,
10 verbose parsed url   query: null,
10 verbose parsed url   pathname: 'grunt-autoprefixer@^2.0.0',
10 verbose parsed url   path: 'grunt-autoprefixer@^2.0.0',
10 verbose parsed url   href: 'grunt-autoprefixer@^2.0.0' }
11 verbose cache add name="grunt-autoprefixer" spec="^2.0.0" args=["grunt-autoprefixer","^2.0.0"]
12 verbose parsed url { protocol: null,
12 verbose parsed url   slashes: null,
12 verbose parsed url   auth: null,
12 verbose parsed url   host: null,
12 verbose parsed url   port: null,
12 verbose parsed url   hostname: null,
12 verbose parsed url   hash: null,
12 verbose parsed url   search: null,
12 verbose parsed url   query: null,
12 verbose parsed url   pathname: '^2.0.0',
12 verbose parsed url   path: '^2.0.0',
12 verbose parsed url   href: '^2.0.0' }
13 verbose addNamed [ 'grunt-autoprefixer', '^2.0.0' ]
14 verbose addNamed [ null, '>=2.0.0-0 <3.0.0-0' ]
15 verbose cache add [ 'grunt-concurrent@^1.0.0', null ]
16 verbose cache add name=undefined spec="grunt-concurrent@^1.0.0" args=["grunt-concurrent@^1.0.0",null]
17 verbose parsed url { protocol: null,
17 verbose parsed url   slashes: null,
17 verbose parsed url   auth: null,
17 verbose parsed url   host: null,
17 verbose parsed url   port: null,
17 verbose parsed url   hostname: null,
17 verbose parsed url   hash: null,
17 verbose parsed url   search: null,
17 verbose parsed url   query: null,
17 verbose parsed url   pathname: 'grunt-concurrent@^1.0.0',
17 verbose parsed url   path: 'grunt-concurrent@^1.0.0',
17 verbose parsed url   href: 'grunt-concurrent@^1.0.0' }
18 verbose cache add [ 'grunt-contrib-clean@^0.6.0', null ]
19 verbose cache add name=undefined spec="grunt-contrib-clean@^0.6.0" args=["grunt-contrib-clean@^0.6.0",null]
20 verbose parsed url { protocol: null,
20 verbose parsed url   slashes: null,
20 verbose parsed url   auth: null,
20 verbose parsed url   host: null,
20 verbose parsed url   port: null,
20 verbose parsed url   hostname: null,
20 verbose parsed url   hash: null,
20 verbose parsed url   search: null,
20 verbose parsed url   query: null,
20 verbose parsed url   pathname: 'grunt-contrib-clean@^0.6.0',
20 verbose parsed url   path: 'grunt-contrib-clean@^0.6.0',
20 verbose parsed url   href: 'grunt-contrib-clean@^0.6.0' }
21 silly lockFile 2b1592d4-grunt-autoprefixer-2-0-0 grunt-autoprefixer@^2.0.0
22 verbose lock grunt-autoprefixer@^2.0.0 /root/.npm/2b1592d4-grunt-autoprefixer-2-0-0.lock
23 verbose cache add name="grunt-concurrent" spec="^1.0.0" args=["grunt-concurrent","^1.0.0"]
24 verbose parsed url { protocol: null,
24 verbose parsed url   slashes: null,
24 verbose parsed url   auth: null,
24 verbose parsed url   host: null,
24 verbose parsed url   port: null,
24 verbose parsed url   hostname: null,
24 verbose parsed url   hash: null,
24 verbose parsed url   search: null,
24 verbose parsed url   query: null,
24 verbose parsed url   pathname: '^1.0.0',
24 verbose parsed url   path: '^1.0.0',
24 verbose parsed url   href: '^1.0.0' }
25 verbose addNamed [ 'grunt-concurrent', '^1.0.0' ]
26 verbose addNamed [ null, '>=1.0.0-0 <2.0.0-0' ]
27 silly lockFile e5d6a4fb-grunt-concurrent-1-0-0 grunt-concurrent@^1.0.0
28 verbose lock grunt-concurrent@^1.0.0 /root/.npm/e5d6a4fb-grunt-concurrent-1-0-0.lock
29 verbose cache add name="grunt-contrib-clean" spec="^0.6.0" args=["grunt-contrib-clean","^0.6.0"]
30 verbose parsed url { protocol: null,
30 verbose parsed url   slashes: null,
30 verbose parsed url   auth: null,
30 verbose parsed url   host: null,
30 verbose parsed url   port: null,
30 verbose parsed url   hostname: null,
30 verbose parsed url   hash: null,
30 verbose parsed url   search: null,
30 verbose parsed url   query: null,
30 verbose parsed url   pathname: '^0.6.0',
30 verbose parsed url   path: '^0.6.0',
30 verbose parsed url   href: '^0.6.0' }
31 verbose addNamed [ 'grunt-contrib-clean', '^0.6.0' ]
32 verbose addNamed [ null, '>=0.6.0-0 <0.7.0-0' ]
33 silly lockFile ca39a60f-grunt-contrib-clean-0-6-0 grunt-contrib-clean@^0.6.0
34 verbose lock grunt-contrib-clean@^0.6.0 /root/.npm/ca39a60f-grunt-contrib-clean-0-6-0.lock
35 verbose cache add [ 'grunt-contrib-concat@^0.5.0', null ]
36 verbose cache add name=undefined spec="grunt-contrib-concat@^0.5.0" args=["grunt-contrib-concat@^0.5.0",null]
37 verbose parsed url { protocol: null,
37 verbose parsed url   slashes: null,
37 verbose parsed url   auth: null,
37 verbose parsed url   host: null,
37 verbose parsed url   port: null,
37 verbose parsed url   hostname: null,
37 verbose parsed url   hash: null,
37 verbose parsed url   search: null,
37 verbose parsed url   query: null,
37 verbose parsed url   pathname: 'grunt-contrib-concat@^0.5.0',
37 verbose parsed url   path: 'grunt-contrib-concat@^0.5.0',
37 verbose parsed url   href: 'grunt-contrib-concat@^0.5.0' }
38 verbose cache add [ 'grunt-contrib-connect@^0.9.0', null ]
39 verbose cache add name=undefined spec="grunt-contrib-connect@^0.9.0" args=["grunt-contrib-connect@^0.9.0",null]
40 verbose parsed url { protocol: null,
40 verbose parsed url   slashes: null,
40 verbose parsed url   auth: null,
40 verbose parsed url   host: null,
40 verbose parsed url   port: null,
40 verbose parsed url   hostname: null,
40 verbose parsed url   hash: null,
40 verbose parsed url   search: null,
40 verbose parsed url   query: null,
40 verbose parsed url   pathname: 'grunt-contrib-connect@^0.9.0',
40 verbose parsed url   path: 'grunt-contrib-connect@^0.9.0',
40 verbose parsed url   href: 'grunt-contrib-connect@^0.9.0' }
41 verbose cache add [ 'grunt-contrib-copy@^0.7.0', null ]
42 verbose cache add name=undefined spec="grunt-contrib-copy@^0.7.0" args=["grunt-contrib-copy@^0.7.0",null]
43 verbose parsed url { protocol: null,
43 verbose parsed url   slashes: null,
43 verbose parsed url   auth: null,
43 verbose parsed url   host: null,
43 verbose parsed url   port: null,
43 verbose parsed url   hostname: null,
43 verbose parsed url   hash: null,
43 verbose parsed url   search: null,
43 verbose parsed url   query: null,
43 verbose parsed url   pathname: 'grunt-contrib-copy@^0.7.0',
43 verbose parsed url   path: 'grunt-contrib-copy@^0.7.0',
43 verbose parsed url   href: 'grunt-contrib-copy@^0.7.0' }
44 verbose cache add name="grunt-contrib-concat" spec="^0.5.0" args=["grunt-contrib-concat","^0.5.0"]
45 verbose parsed url { protocol: null,
45 verbose parsed url   slashes: null,
45 verbose parsed url   auth: null,
45 verbose parsed url   host: null,
45 verbose parsed url   port: null,
45 verbose parsed url   hostname: null,
45 verbose parsed url   hash: null,
45 verbose parsed url   search: null,
45 verbose parsed url   query: null,
45 verbose parsed url   pathname: '^0.5.0',
45 verbose parsed url   path: '^0.5.0',
45 verbose parsed url   href: '^0.5.0' }
46 verbose addNamed [ 'grunt-contrib-concat', '^0.5.0' ]
47 verbose addNamed [ null, '>=0.5.0-0 <0.6.0-0' ]
48 silly lockFile 47c410cb-grunt-contrib-concat-0-5-0 grunt-contrib-concat@^0.5.0
49 verbose lock grunt-contrib-concat@^0.5.0 /root/.npm/47c410cb-grunt-contrib-concat-0-5-0.lock
50 verbose cache add name="grunt-contrib-connect" spec="^0.9.0" args=["grunt-contrib-connect","^0.9.0"]
51 verbose parsed url { protocol: null,
51 verbose parsed url   slashes: null,
51 verbose parsed url   auth: null,
51 verbose parsed url   host: null,
51 verbose parsed url   port: null,
51 verbose parsed url   hostname: null,
51 verbose parsed url   hash: null,
51 verbose parsed url   search: null,
51 verbose parsed url   query: null,
51 verbose parsed url   pathname: '^0.9.0',
51 verbose parsed url   path: '^0.9.0',
51 verbose parsed url   href: '^0.9.0' }
52 verbose addNamed [ 'grunt-contrib-connect', '^0.9.0' ]
53 verbose addNamed [ null, '>=0.9.0-0 <0.10.0-0' ]
54 silly lockFile 8990ac20-grunt-contrib-connect-0-9-0 grunt-contrib-connect@^0.9.0
55 verbose lock grunt-contrib-connect@^0.9.0 /root/.npm/8990ac20-grunt-contrib-connect-0-9-0.lock
56 verbose cache add name="grunt-contrib-copy" spec="^0.7.0" args=["grunt-contrib-copy","^0.7.0"]
57 verbose parsed url { protocol: null,
57 verbose parsed url   slashes: null,
57 verbose parsed url   auth: null,
57 verbose parsed url   host: null,
57 verbose parsed url   port: null,
57 verbose parsed url   hostname: null,
57 verbose parsed url   hash: null,
57 verbose parsed url   search: null,
57 verbose parsed url   query: null,
57 verbose parsed url   pathname: '^0.7.0',
57 verbose parsed url   path: '^0.7.0',
57 verbose parsed url   href: '^0.7.0' }
58 verbose addNamed [ 'grunt-contrib-copy', '^0.7.0' ]
59 verbose addNamed [ null, '>=0.7.0-0 <0.8.0-0' ]
60 silly lockFile 359d66a1-grunt-contrib-copy-0-7-0 grunt-contrib-copy@^0.7.0
61 verbose lock grunt-contrib-copy@^0.7.0 /root/.npm/359d66a1-grunt-contrib-copy-0-7-0.lock
62 verbose cache add [ 'grunt-contrib-cssmin@^0.12.0', null ]
63 verbose cache add name=undefined spec="grunt-contrib-cssmin@^0.12.0" args=["grunt-contrib-cssmin@^0.12.0",null]
64 verbose parsed url { protocol: null,
64 verbose parsed url   slashes: null,
64 verbose parsed url   auth: null,
64 verbose parsed url   host: null,
64 verbose parsed url   port: null,
64 verbose parsed url   hostname: null,
64 verbose parsed url   hash: null,
64 verbose parsed url   search: null,
64 verbose parsed url   query: null,
64 verbose parsed url   pathname: 'grunt-contrib-cssmin@^0.12.0',
64 verbose parsed url   path: 'grunt-contrib-cssmin@^0.12.0',
64 verbose parsed url   href: 'grunt-contrib-cssmin@^0.12.0' }
65 verbose cache add [ 'grunt-contrib-htmlmin@^0.4.0', null ]
66 verbose cache add name=undefined spec="grunt-contrib-htmlmin@^0.4.0" args=["grunt-contrib-htmlmin@^0.4.0",null]
67 verbose parsed url { protocol: null,
67 verbose parsed url   slashes: null,
67 verbose parsed url   auth: null,
67 verbose parsed url   host: null,
67 verbose parsed url   port: null,
67 verbose parsed url   hostname: null,
67 verbose parsed url   hash: null,
67 verbose parsed url   search: null,
67 verbose parsed url   query: null,
67 verbose parsed url   pathname: 'grunt-contrib-htmlmin@^0.4.0',
67 verbose parsed url   path: 'grunt-contrib-htmlmin@^0.4.0',
67 verbose parsed url   href: 'grunt-contrib-htmlmin@^0.4.0' }
68 verbose cache add [ 'grunt-contrib-imagemin@^0.9.2', null ]
69 verbose cache add name=undefined spec="grunt-contrib-imagemin@^0.9.2" args=["grunt-contrib-imagemin@^0.9.2",null]
70 verbose parsed url { protocol: null,
70 verbose parsed url   slashes: null,
70 verbose parsed url   auth: null,
70 verbose parsed url   host: null,
70 verbose parsed url   port: null,
70 verbose parsed url   hostname: null,
70 verbose parsed url   hash: null,
70 verbose parsed url   search: null,
70 verbose parsed url   query: null,
70 verbose parsed url   pathname: 'grunt-contrib-imagemin@^0.9.2',
70 verbose parsed url   path: 'grunt-contrib-imagemin@^0.9.2',
70 verbose parsed url   href: 'grunt-contrib-imagemin@^0.9.2' }
71 verbose cache add [ 'grunt-contrib-jshint@^0.11.0', null ]
72 verbose cache add name=undefined spec="grunt-contrib-jshint@^0.11.0" args=["grunt-contrib-jshint@^0.11.0",null]
73 verbose parsed url { protocol: null,
73 verbose parsed url   slashes: null,
73 verbose parsed url   auth: null,
73 verbose parsed url   host: null,
73 verbose parsed url   port: null,
73 verbose parsed url   hostname: null,
73 verbose parsed url   hash: null,
73 verbose parsed url   search: null,
73 verbose parsed url   query: null,
73 verbose parsed url   pathname: 'grunt-contrib-jshint@^0.11.0',
73 verbose parsed url   path: 'grunt-contrib-jshint@^0.11.0',
73 verbose parsed url   href: 'grunt-contrib-jshint@^0.11.0' }
74 verbose cache add [ 'grunt-contrib-uglify@^0.7.0', null ]
75 verbose cache add name=undefined spec="grunt-contrib-uglify@^0.7.0" args=["grunt-contrib-uglify@^0.7.0",null]
76 verbose parsed url { protocol: null,
76 verbose parsed url   slashes: null,
76 verbose parsed url   auth: null,
76 verbose parsed url   host: null,
76 verbose parsed url   port: null,
76 verbose parsed url   hostname: null,
76 verbose parsed url   hash: null,
76 verbose parsed url   search: null,
76 verbose parsed url   query: null,
76 verbose parsed url   pathname: 'grunt-contrib-uglify@^0.7.0',
76 verbose parsed url   path: 'grunt-contrib-uglify@^0.7.0',
76 verbose parsed url   href: 'grunt-contrib-uglify@^0.7.0' }
77 verbose cache add [ 'grunt-contrib-watch@^0.6.1', null ]
78 verbose cache add name=undefined spec="grunt-contrib-watch@^0.6.1" args=["grunt-contrib-watch@^0.6.1",null]
79 verbose parsed url { protocol: null,
79 verbose parsed url   slashes: null,
79 verbose parsed url   auth: null,
79 verbose parsed url   host: null,
79 verbose parsed url   port: null,
79 verbose parsed url   hostname: null,
79 verbose parsed url   hash: null,
79 verbose parsed url   search: null,
79 verbose parsed url   query: null,
79 verbose parsed url   pathname: 'grunt-contrib-watch@^0.6.1',
79 verbose parsed url   path: 'grunt-contrib-watch@^0.6.1',
79 verbose parsed url   href: 'grunt-contrib-watch@^0.6.1' }
80 verbose cache add name="grunt-contrib-cssmin" spec="^0.12.0" args=["grunt-contrib-cssmin","^0.12.0"]
81 verbose parsed url { protocol: null,
81 verbose parsed url   slashes: null,
81 verbose parsed url   auth: null,
81 verbose parsed url   host: null,
81 verbose parsed url   port: null,
81 verbose parsed url   hostname: null,
81 verbose parsed url   hash: null,
81 verbose parsed url   search: null,
81 verbose parsed url   query: null,
81 verbose parsed url   pathname: '^0.12.0',
81 verbose parsed url   path: '^0.12.0',
81 verbose parsed url   href: '^0.12.0' }
82 verbose addNamed [ 'grunt-contrib-cssmin', '^0.12.0' ]
83 verbose addNamed [ null, '>=0.12.0-0 <0.13.0-0' ]
84 silly lockFile 149f993a-grunt-contrib-cssmin-0-12-0 grunt-contrib-cssmin@^0.12.0
85 verbose lock grunt-contrib-cssmin@^0.12.0 /root/.npm/149f993a-grunt-contrib-cssmin-0-12-0.lock
86 verbose cache add name="grunt-contrib-htmlmin" spec="^0.4.0" args=["grunt-contrib-htmlmin","^0.4.0"]
87 verbose parsed url { protocol: null,
87 verbose parsed url   slashes: null,
87 verbose parsed url   auth: null,
87 verbose parsed url   host: null,
87 verbose parsed url   port: null,
87 verbose parsed url   hostname: null,
87 verbose parsed url   hash: null,
87 verbose parsed url   search: null,
87 verbose parsed url   query: null,
87 verbose parsed url   pathname: '^0.4.0',
87 verbose parsed url   path: '^0.4.0',
87 verbose parsed url   href: '^0.4.0' }
88 verbose addNamed [ 'grunt-contrib-htmlmin', '^0.4.0' ]
89 verbose addNamed [ null, '>=0.4.0-0 <0.5.0-0' ]
90 silly lockFile 125176d8-grunt-contrib-htmlmin-0-4-0 grunt-contrib-htmlmin@^0.4.0
91 verbose lock grunt-contrib-htmlmin@^0.4.0 /root/.npm/125176d8-grunt-contrib-htmlmin-0-4-0.lock
92 verbose cache add name="grunt-contrib-imagemin" spec="^0.9.2" args=["grunt-contrib-imagemin","^0.9.2"]
93 verbose parsed url { protocol: null,
93 verbose parsed url   slashes: null,
93 verbose parsed url   auth: null,
93 verbose parsed url   host: null,
93 verbose parsed url   port: null,
93 verbose parsed url   hostname: null,
93 verbose parsed url   hash: null,
93 verbose parsed url   search: null,
93 verbose parsed url   query: null,
93 verbose parsed url   pathname: '^0.9.2',
93 verbose parsed url   path: '^0.9.2',
93 verbose parsed url   href: '^0.9.2' }
94 verbose addNamed [ 'grunt-contrib-imagemin', '^0.9.2' ]
95 verbose addNamed [ null, '>=0.9.2-0 <0.10.0-0' ]
96 silly lockFile 4b6a5e1f-grunt-contrib-imagemin-0-9-2 grunt-contrib-imagemin@^0.9.2
97 verbose lock grunt-contrib-imagemin@^0.9.2 /root/.npm/4b6a5e1f-grunt-contrib-imagemin-0-9-2.lock
98 verbose cache add name="grunt-contrib-jshint" spec="^0.11.0" args=["grunt-contrib-jshint","^0.11.0"]
99 verbose parsed url { protocol: null,
99 verbose parsed url   slashes: null,
99 verbose parsed url   auth: null,
99 verbose parsed url   host: null,
99 verbose parsed url   port: null,
99 verbose parsed url   hostname: null,
99 verbose parsed url   hash: null,
99 verbose parsed url   search: null,
99 verbose parsed url   query: null,
99 verbose parsed url   pathname: '^0.11.0',
99 verbose parsed url   path: '^0.11.0',
99 verbose parsed url   href: '^0.11.0' }
100 verbose addNamed [ 'grunt-contrib-jshint', '^0.11.0' ]
101 verbose addNamed [ null, '>=0.11.0-0 <0.12.0-0' ]
102 silly lockFile 5782cb4c-grunt-contrib-jshint-0-11-0 grunt-contrib-jshint@^0.11.0
103 verbose lock grunt-contrib-jshint@^0.11.0 /root/.npm/5782cb4c-grunt-contrib-jshint-0-11-0.lock
104 verbose cache add name="grunt-contrib-uglify" spec="^0.7.0" args=["grunt-contrib-uglify","^0.7.0"]
105 verbose parsed url { protocol: null,
105 verbose parsed url   slashes: null,
105 verbose parsed url   auth: null,
105 verbose parsed url   host: null,
105 verbose parsed url   port: null,
105 verbose parsed url   hostname: null,
105 verbose parsed url   hash: null,
105 verbose parsed url   search: null,
105 verbose parsed url   query: null,
105 verbose parsed url   pathname: '^0.7.0',
105 verbose parsed url   path: '^0.7.0',
105 verbose parsed url   href: '^0.7.0' }
106 verbose addNamed [ 'grunt-contrib-uglify', '^0.7.0' ]
107 verbose addNamed [ null, '>=0.7.0-0 <0.8.0-0' ]
108 silly lockFile 305ef1bc-grunt-contrib-uglify-0-7-0 grunt-contrib-uglify@^0.7.0
109 verbose lock grunt-contrib-uglify@^0.7.0 /root/.npm/305ef1bc-grunt-contrib-uglify-0-7-0.lock
110 verbose cache add name="grunt-contrib-watch" spec="^0.6.1" args=["grunt-contrib-watch","^0.6.1"]
111 verbose parsed url { protocol: null,
111 verbose parsed url   slashes: null,
111 verbose parsed url   auth: null,
111 verbose parsed url   host: null,
111 verbose parsed url   port: null,
111 verbose parsed url   hostname: null,
111 verbose parsed url   hash: null,
111 verbose parsed url   search: null,
111 verbose parsed url   query: null,
111 verbose parsed url   pathname: '^0.6.1',
111 verbose parsed url   path: '^0.6.1',
111 verbose parsed url   href: '^0.6.1' }
112 verbose addNamed [ 'grunt-contrib-watch', '^0.6.1' ]
113 verbose addNamed [ null, '>=0.6.1-0 <0.7.0-0' ]
114 silly lockFile 224b1ece-grunt-contrib-watch-0-6-1 grunt-contrib-watch@^0.6.1
115 verbose lock grunt-contrib-watch@^0.6.1 /root/.npm/224b1ece-grunt-contrib-watch-0-6-1.lock
116 verbose cache add [ 'grunt-filerev@^2.1.2', null ]
117 verbose cache add name=undefined spec="grunt-filerev@^2.1.2" args=["grunt-filerev@^2.1.2",null]
118 verbose parsed url { protocol: null,
118 verbose parsed url   slashes: null,
118 verbose parsed url   auth: null,
118 verbose parsed url   host: null,
118 verbose parsed url   port: null,
118 verbose parsed url   hostname: null,
118 verbose parsed url   hash: null,
118 verbose parsed url   search: null,
118 verbose parsed url   query: null,
118 verbose parsed url   pathname: 'grunt-filerev@^2.1.2',
118 verbose parsed url   path: 'grunt-filerev@^2.1.2',
118 verbose parsed url   href: 'grunt-filerev@^2.1.2' }
119 verbose cache add [ 'grunt-google-cdn@^0.4.3', null ]
120 verbose cache add name=undefined spec="grunt-google-cdn@^0.4.3" args=["grunt-google-cdn@^0.4.3",null]
121 verbose parsed url { protocol: null,
121 verbose parsed url   slashes: null,
121 verbose parsed url   auth: null,
121 verbose parsed url   host: null,
121 verbose parsed url   port: null,
121 verbose parsed url   hostname: null,
121 verbose parsed url   hash: null,
121 verbose parsed url   search: null,
121 verbose parsed url   query: null,
121 verbose parsed url   pathname: 'grunt-google-cdn@^0.4.3',
121 verbose parsed url   path: 'grunt-google-cdn@^0.4.3',
121 verbose parsed url   href: 'grunt-google-cdn@^0.4.3' }
122 verbose cache add [ 'grunt-newer@^1.1.0', null ]
123 verbose cache add name=undefined spec="grunt-newer@^1.1.0" args=["grunt-newer@^1.1.0",null]
124 verbose parsed url { protocol: null,
124 verbose parsed url   slashes: null,
124 verbose parsed url   auth: null,
124 verbose parsed url   host: null,
124 verbose parsed url   port: null,
124 verbose parsed url   hostname: null,
124 verbose parsed url   hash: null,
124 verbose parsed url   search: null,
124 verbose parsed url   query: null,
124 verbose parsed url   pathname: 'grunt-newer@^1.1.0',
124 verbose parsed url   path: 'grunt-newer@^1.1.0',
124 verbose parsed url   href: 'grunt-newer@^1.1.0' }
125 verbose cache add [ 'grunt-ng-annotate@^0.9.2', null ]
126 verbose cache add name=undefined spec="grunt-ng-annotate@^0.9.2" args=["grunt-ng-annotate@^0.9.2",null]
127 verbose parsed url { protocol: null,
127 verbose parsed url   slashes: null,
127 verbose parsed url   auth: null,
127 verbose parsed url   host: null,
127 verbose parsed url   port: null,
127 verbose parsed url   hostname: null,
127 verbose parsed url   hash: null,
127 verbose parsed url   search: null,
127 verbose parsed url   query: null,
127 verbose parsed url   pathname: 'grunt-ng-annotate@^0.9.2',
127 verbose parsed url   path: 'grunt-ng-annotate@^0.9.2',
127 verbose parsed url   href: 'grunt-ng-annotate@^0.9.2' }
128 verbose cache add [ 'grunt-svgmin@^2.0.0', null ]
129 verbose cache add name=undefined spec="grunt-svgmin@^2.0.0" args=["grunt-svgmin@^2.0.0",null]
130 verbose parsed url { protocol: null,
130 verbose parsed url   slashes: null,
130 verbose parsed url   auth: null,
130 verbose parsed url   host: null,
130 verbose parsed url   port: null,
130 verbose parsed url   hostname: null,
130 verbose parsed url   hash: null,
130 verbose parsed url   search: null,
130 verbose parsed url   query: null,
130 verbose parsed url   pathname: 'grunt-svgmin@^2.0.0',
130 verbose parsed url   path: 'grunt-svgmin@^2.0.0',
130 verbose parsed url   href: 'grunt-svgmin@^2.0.0' }
131 verbose cache add [ 'grunt-usemin@^3.0.0', null ]
132 verbose cache add name=undefined spec="grunt-usemin@^3.0.0" args=["grunt-usemin@^3.0.0",null]
133 verbose parsed url { protocol: null,
133 verbose parsed url   slashes: null,
133 verbose parsed url   auth: null,
133 verbose parsed url   host: null,
133 verbose parsed url   port: null,
133 verbose parsed url   hostname: null,
133 verbose parsed url   hash: null,
133 verbose parsed url   search: null,
133 verbose parsed url   query: null,
133 verbose parsed url   pathname: 'grunt-usemin@^3.0.0',
133 verbose parsed url   path: 'grunt-usemin@^3.0.0',
133 verbose parsed url   href: 'grunt-usemin@^3.0.0' }
134 verbose cache add [ 'grunt-wiredep@^2.0.0', null ]
135 verbose cache add name=undefined spec="grunt-wiredep@^2.0.0" args=["grunt-wiredep@^2.0.0",null]
136 verbose parsed url { protocol: null,
136 verbose parsed url   slashes: null,
136 verbose parsed url   auth: null,
136 verbose parsed url   host: null,
136 verbose parsed url   port: null,
136 verbose parsed url   hostname: null,
136 verbose parsed url   hash: null,
136 verbose parsed url   search: null,
136 verbose parsed url   query: null,
136 verbose parsed url   pathname: 'grunt-wiredep@^2.0.0',
136 verbose parsed url   path: 'grunt-wiredep@^2.0.0',
136 verbose parsed url   href: 'grunt-wiredep@^2.0.0' }
137 verbose cache add [ 'jit-grunt@^0.9.1', null ]
138 verbose cache add name=undefined spec="jit-grunt@^0.9.1" args=["jit-grunt@^0.9.1",null]
139 verbose parsed url { protocol: null,
139 verbose parsed url   slashes: null,
139 verbose parsed url   auth: null,
139 verbose parsed url   host: null,
139 verbose parsed url   port: null,
139 verbose parsed url   hostname: null,
139 verbose parsed url   hash: null,
139 verbose parsed url   search: null,
139 verbose parsed url   query: null,
139 verbose parsed url   pathname: 'jit-grunt@^0.9.1',
139 verbose parsed url   path: 'jit-grunt@^0.9.1',
139 verbose parsed url   href: 'jit-grunt@^0.9.1' }
140 verbose cache add [ 'jshint-stylish@^1.0.0', null ]
141 verbose cache add name=undefined spec="jshint-stylish@^1.0.0" args=["jshint-stylish@^1.0.0",null]
142 verbose parsed url { protocol: null,
142 verbose parsed url   slashes: null,
142 verbose parsed url   auth: null,
142 verbose parsed url   host: null,
142 verbose parsed url   port: null,
142 verbose parsed url   hostname: null,
142 verbose parsed url   hash: null,
142 verbose parsed url   search: null,
142 verbose parsed url   query: null,
142 verbose parsed url   pathname: 'jshint-stylish@^1.0.0',
142 verbose parsed url   path: 'jshint-stylish@^1.0.0',
142 verbose parsed url   href: 'jshint-stylish@^1.0.0' }
143 verbose cache add [ 'time-grunt@^1.0.0', null ]
144 verbose cache add name=undefined spec="time-grunt@^1.0.0" args=["time-grunt@^1.0.0",null]
145 verbose parsed url { protocol: null,
145 verbose parsed url   slashes: null,
145 verbose parsed url   auth: null,
145 verbose parsed url   host: null,
145 verbose parsed url   port: null,
145 verbose parsed url   hostname: null,
145 verbose parsed url   hash: null,
145 verbose parsed url   search: null,
145 verbose parsed url   query: null,
145 verbose parsed url   pathname: 'time-grunt@^1.0.0',
145 verbose parsed url   path: 'time-grunt@^1.0.0',
145 verbose parsed url   href: 'time-grunt@^1.0.0' }
146 verbose cache add [ 'grunt@^0.4.5', null ]
147 verbose cache add name=undefined spec="grunt@^0.4.5" args=["grunt@^0.4.5",null]
148 verbose parsed url { protocol: null,
148 verbose parsed url   slashes: null,
148 verbose parsed url   auth: null,
148 verbose parsed url   host: null,
148 verbose parsed url   port: null,
148 verbose parsed url   hostname: null,
148 verbose parsed url   hash: null,
148 verbose parsed url   search: null,
148 verbose parsed url   query: null,
148 verbose parsed url   pathname: 'grunt@^0.4.5',
148 verbose parsed url   path: 'grunt@^0.4.5',
148 verbose parsed url   href: 'grunt@^0.4.5' }
149 verbose cache add name="grunt-filerev" spec="^2.1.2" args=["grunt-filerev","^2.1.2"]
150 verbose parsed url { protocol: null,
150 verbose parsed url   slashes: null,
150 verbose parsed url   auth: null,
150 verbose parsed url   host: null,
150 verbose parsed url   port: null,
150 verbose parsed url   hostname: null,
150 verbose parsed url   hash: null,
150 verbose parsed url   search: null,
150 verbose parsed url   query: null,
150 verbose parsed url   pathname: '^2.1.2',
150 verbose parsed url   path: '^2.1.2',
150 verbose parsed url   href: '^2.1.2' }
151 verbose addNamed [ 'grunt-filerev', '^2.1.2' ]
152 verbose addNamed [ null, '>=2.1.2-0 <3.0.0-0' ]
153 silly lockFile c590b3c8-grunt-filerev-2-1-2 grunt-filerev@^2.1.2
154 verbose lock grunt-filerev@^2.1.2 /root/.npm/c590b3c8-grunt-filerev-2-1-2.lock
155 verbose cache add name="grunt-google-cdn" spec="^0.4.3" args=["grunt-google-cdn","^0.4.3"]
156 verbose parsed url { protocol: null,
156 verbose parsed url   slashes: null,
156 verbose parsed url   auth: null,
156 verbose parsed url   host: null,
156 verbose parsed url   port: null,
156 verbose parsed url   hostname: null,
156 verbose parsed url   hash: null,
156 verbose parsed url   search: null,
156 verbose parsed url   query: null,
156 verbose parsed url   pathname: '^0.4.3',
156 verbose parsed url   path: '^0.4.3',
156 verbose parsed url   href: '^0.4.3' }
157 verbose addNamed [ 'grunt-google-cdn', '^0.4.3' ]
158 verbose addNamed [ null, '>=0.4.3-0 <0.5.0-0' ]
159 silly lockFile 99bf181c-grunt-google-cdn-0-4-3 grunt-google-cdn@^0.4.3
160 verbose lock grunt-google-cdn@^0.4.3 /root/.npm/99bf181c-grunt-google-cdn-0-4-3.lock
161 verbose cache add name="grunt-newer" spec="^1.1.0" args=["grunt-newer","^1.1.0"]
162 verbose parsed url { protocol: null,
162 verbose parsed url   slashes: null,
162 verbose parsed url   auth: null,
162 verbose parsed url   host: null,
162 verbose parsed url   port: null,
162 verbose parsed url   hostname: null,
162 verbose parsed url   hash: null,
162 verbose parsed url   search: null,
162 verbose parsed url   query: null,
162 verbose parsed url   pathname: '^1.1.0',
162 verbose parsed url   path: '^1.1.0',
162 verbose parsed url   href: '^1.1.0' }
163 verbose addNamed [ 'grunt-newer', '^1.1.0' ]
164 verbose addNamed [ null, '>=1.1.0-0 <2.0.0-0' ]
165 silly lockFile 333fcb72-grunt-newer-1-1-0 grunt-newer@^1.1.0
166 verbose lock grunt-newer@^1.1.0 /root/.npm/333fcb72-grunt-newer-1-1-0.lock
167 verbose cache add name="grunt-ng-annotate" spec="^0.9.2" args=["grunt-ng-annotate","^0.9.2"]
168 verbose parsed url { protocol: null,
168 verbose parsed url   slashes: null,
168 verbose parsed url   auth: null,
168 verbose parsed url   host: null,
168 verbose parsed url   port: null,
168 verbose parsed url   hostname: null,
168 verbose parsed url   hash: null,
168 verbose parsed url   search: null,
168 verbose parsed url   query: null,
168 verbose parsed url   pathname: '^0.9.2',
168 verbose parsed url   path: '^0.9.2',
168 verbose parsed url   href: '^0.9.2' }
169 verbose addNamed [ 'grunt-ng-annotate', '^0.9.2' ]
170 verbose addNamed [ null, '>=0.9.2-0 <0.10.0-0' ]
171 silly lockFile 324c6ebb-grunt-ng-annotate-0-9-2 grunt-ng-annotate@^0.9.2
172 verbose lock grunt-ng-annotate@^0.9.2 /root/.npm/324c6ebb-grunt-ng-annotate-0-9-2.lock
173 verbose cache add name="grunt-svgmin" spec="^2.0.0" args=["grunt-svgmin","^2.0.0"]
174 verbose parsed url { protocol: null,
174 verbose parsed url   slashes: null,
174 verbose parsed url   auth: null,
174 verbose parsed url   host: null,
174 verbose parsed url   port: null,
174 verbose parsed url   hostname: null,
174 verbose parsed url   hash: null,
174 verbose parsed url   search: null,
174 verbose parsed url   query: null,
174 verbose parsed url   pathname: '^2.0.0',
174 verbose parsed url   path: '^2.0.0',
174 verbose parsed url   href: '^2.0.0' }
175 verbose addNamed [ 'grunt-svgmin', '^2.0.0' ]
176 verbose addNamed [ null, '>=2.0.0-0 <3.0.0-0' ]
177 silly lockFile 14706f94-grunt-svgmin-2-0-0 grunt-svgmin@^2.0.0
178 verbose lock grunt-svgmin@^2.0.0 /root/.npm/14706f94-grunt-svgmin-2-0-0.lock
179 verbose cache add name="grunt-usemin" spec="^3.0.0" args=["grunt-usemin","^3.0.0"]
180 verbose parsed url { protocol: null,
180 verbose parsed url   slashes: null,
180 verbose parsed url   auth: null,
180 verbose parsed url   host: null,
180 verbose parsed url   port: null,
180 verbose parsed url   hostname: null,
180 verbose parsed url   hash: null,
180 verbose parsed url   search: null,
180 verbose parsed url   query: null,
180 verbose parsed url   pathname: '^3.0.0',
180 verbose parsed url   path: '^3.0.0',
180 verbose parsed url   href: '^3.0.0' }
181 verbose addNamed [ 'grunt-usemin', '^3.0.0' ]
182 verbose addNamed [ null, '>=3.0.0-0 <4.0.0-0' ]
183 silly lockFile 5cb00507-grunt-usemin-3-0-0 grunt-usemin@^3.0.0
184 verbose lock grunt-usemin@^3.0.0 /root/.npm/5cb00507-grunt-usemin-3-0-0.lock
185 verbose cache add name="grunt-wiredep" spec="^2.0.0" args=["grunt-wiredep","^2.0.0"]
186 verbose parsed url { protocol: null,
186 verbose parsed url   slashes: null,
186 verbose parsed url   auth: null,
186 verbose parsed url   host: null,
186 verbose parsed url   port: null,
186 verbose parsed url   hostname: null,
186 verbose parsed url   hash: null,
186 verbose parsed url   search: null,
186 verbose parsed url   query: null,
186 verbose parsed url   pathname: '^2.0.0',
186 verbose parsed url   path: '^2.0.0',
186 verbose parsed url   href: '^2.0.0' }
187 verbose addNamed [ 'grunt-wiredep', '^2.0.0' ]
188 verbose addNamed [ null, '>=2.0.0-0 <3.0.0-0' ]
189 silly lockFile fa324219-grunt-wiredep-2-0-0 grunt-wiredep@^2.0.0
190 verbose lock grunt-wiredep@^2.0.0 /root/.npm/fa324219-grunt-wiredep-2-0-0.lock
191 verbose cache add name="jit-grunt" spec="^0.9.1" args=["jit-grunt","^0.9.1"]
192 verbose parsed url { protocol: null,
192 verbose parsed url   slashes: null,
192 verbose parsed url   auth: null,
192 verbose parsed url   host: null,
192 verbose parsed url   port: null,
192 verbose parsed url   hostname: null,
192 verbose parsed url   hash: null,
192 verbose parsed url   search: null,
192 verbose parsed url   query: null,
192 verbose parsed url   pathname: '^0.9.1',
192 verbose parsed url   path: '^0.9.1',
192 verbose parsed url   href: '^0.9.1' }
193 verbose addNamed [ 'jit-grunt', '^0.9.1' ]
194 verbose addNamed [ null, '>=0.9.1-0 <0.10.0-0' ]
195 silly lockFile 9b4591b4-jit-grunt-0-9-1 jit-grunt@^0.9.1
196 verbose lock jit-grunt@^0.9.1 /root/.npm/9b4591b4-jit-grunt-0-9-1.lock
197 verbose cache add name="jshint-stylish" spec="^1.0.0" args=["jshint-stylish","^1.0.0"]
198 verbose parsed url { protocol: null,
198 verbose parsed url   slashes: null,
198 verbose parsed url   auth: null,
198 verbose parsed url   host: null,
198 verbose parsed url   port: null,
198 verbose parsed url   hostname: null,
198 verbose parsed url   hash: null,
198 verbose parsed url   search: null,
198 verbose parsed url   query: null,
198 verbose parsed url   pathname: '^1.0.0',
198 verbose parsed url   path: '^1.0.0',
198 verbose parsed url   href: '^1.0.0' }
199 verbose addNamed [ 'jshint-stylish', '^1.0.0' ]
200 verbose addNamed [ null, '>=1.0.0-0 <2.0.0-0' ]
201 silly lockFile 522e2e8d-jshint-stylish-1-0-0 jshint-stylish@^1.0.0
202 verbose lock jshint-stylish@^1.0.0 /root/.npm/522e2e8d-jshint-stylish-1-0-0.lock
203 verbose cache add name="time-grunt" spec="^1.0.0" args=["time-grunt","^1.0.0"]
204 verbose parsed url { protocol: null,
204 verbose parsed url   slashes: null,
204 verbose parsed url   auth: null,
204 verbose parsed url   host: null,
204 verbose parsed url   port: null,
204 verbose parsed url   hostname: null,
204 verbose parsed url   hash: null,
204 verbose parsed url   search: null,
204 verbose parsed url   query: null,
204 verbose parsed url   pathname: '^1.0.0',
204 verbose parsed url   path: '^1.0.0',
204 verbose parsed url   href: '^1.0.0' }
205 verbose addNamed [ 'time-grunt', '^1.0.0' ]
206 verbose addNamed [ null, '>=1.0.0-0 <2.0.0-0' ]
207 silly lockFile 5ddae01b-time-grunt-1-0-0 time-grunt@^1.0.0
208 verbose lock time-grunt@^1.0.0 /root/.npm/5ddae01b-time-grunt-1-0-0.lock
209 verbose cache add name="grunt" spec="^0.4.5" args=["grunt","^0.4.5"]
210 verbose parsed url { protocol: null,
210 verbose parsed url   slashes: null,
210 verbose parsed url   auth: null,
210 verbose parsed url   host: null,
210 verbose parsed url   port: null,
210 verbose parsed url   hostname: null,
210 verbose parsed url   hash: null,
210 verbose parsed url   search: null,
210 verbose parsed url   query: null,
210 verbose parsed url   pathname: '^0.4.5',
210 verbose parsed url   path: '^0.4.5',
210 verbose parsed url   href: '^0.4.5' }
211 verbose addNamed [ 'grunt', '^0.4.5' ]
212 verbose addNamed [ null, '>=0.4.5-0 <0.5.0-0' ]
213 silly lockFile 73541f84-grunt-0-4-5 grunt@^0.4.5
214 verbose lock grunt@^0.4.5 /root/.npm/73541f84-grunt-0-4-5.lock
215 verbose cache add [ 'grunt-angular-templates@^0.5.7', null ]
216 verbose cache add name=undefined spec="grunt-angular-templates@^0.5.7" args=["grunt-angular-templates@^0.5.7",null]
217 verbose parsed url { protocol: null,
217 verbose parsed url   slashes: null,
217 verbose parsed url   auth: null,
217 verbose parsed url   host: null,
217 verbose parsed url   port: null,
217 verbose parsed url   hostname: null,
217 verbose parsed url   hash: null,
217 verbose parsed url   search: null,
217 verbose parsed url   query: null,
217 verbose parsed url   pathname: 'grunt-angular-templates@^0.5.7',
217 verbose parsed url   path: 'grunt-angular-templates@^0.5.7',
217 verbose parsed url   href: 'grunt-angular-templates@^0.5.7' }
218 verbose cache add name="grunt-angular-templates" spec="^0.5.7" args=["grunt-angular-templates","^0.5.7"]
219 verbose parsed url { protocol: null,
219 verbose parsed url   slashes: null,
219 verbose parsed url   auth: null,
219 verbose parsed url   host: null,
219 verbose parsed url   port: null,
219 verbose parsed url   hostname: null,
219 verbose parsed url   hash: null,
219 verbose parsed url   search: null,
219 verbose parsed url   query: null,
219 verbose parsed url   pathname: '^0.5.7',
219 verbose parsed url   path: '^0.5.7',
219 verbose parsed url   href: '^0.5.7' }
220 verbose addNamed [ 'grunt-angular-templates', '^0.5.7' ]
221 verbose addNamed [ null, '>=0.5.7-0 <0.6.0-0' ]
222 silly lockFile 8cd44080-grunt-angular-templates-0-5-7 grunt-angular-templates@^0.5.7
223 verbose lock grunt-angular-templates@^0.5.7 /root/.npm/8cd44080-grunt-angular-templates-0-5-7.lock
224 silly lockFile 2b1592d4-grunt-autoprefixer-2-0-0 grunt-autoprefixer@^2.0.0
225 error Error: Attempt to unlock grunt-autoprefixer@^2.0.0, which hasn't been locked
225 error     at unlock (/usr/local/lib/node_modules/npm/lib/utils/locker.js:44:11)
225 error     at cb (/usr/local/lib/node_modules/npm/lib/cache/add-named.js:32:5)
225 error     at /usr/local/lib/node_modules/npm/lib/cache/add-named.js:41:20
225 error     at /usr/local/lib/node_modules/npm/lib/utils/locker.js:30:7
225 error     at cb (/usr/local/lib/node_modules/npm/node_modules/lockfile/lockfile.js:149:38)
225 error     at /usr/local/lib/node_modules/npm/node_modules/lockfile/lockfile.js:177:38
225 error     at Object.oncomplete (fs.js:107:15)
226 error If you need help, you may report this *entire* log,
226 error including the npm and node versions, at:
226 error     <http://github.com/npm/npm/issues>
227 error System Linux 2.6.32-431.23.3.el6.x86_64
228 error command "/usr/local/bin/node" "/usr/local/bin/npm" "install"
229 error cwd /root/Local/PROJECTS/TEST
230 error node -v v0.10.32
231 error npm -v 1.4.28
232 verbose exit [ 1, true ]
